<?xml version="1.0" encoding="UTF-8"?>
<testng-results skipped="0" failed="0" ignored="0" total="1" passed="1">
  <reporter-output>
  </reporter-output>
  <suite name="Default suite" duration-ms="33112" started-at="2019-03-11T10:05:37Z" finished-at="2019-03-11T10:06:10Z">
    <groups>
    </groups>
    <test name="Default test" duration-ms="33112" started-at="2019-03-11T10:05:37Z" finished-at="2019-03-11T10:06:10Z">
      <class name="Day1.GoogleTest">
        <test-method status="PASS" signature="beforeMethod()[pri:0, instance:Day1.GoogleTest@55f3ddb1]" name="beforeMethod" is-config="true" duration-ms="15067" started-at="2019-03-11T10:05:37Z" finished-at="2019-03-11T10:05:52Z">
          <reporter-output>
          </reporter-output>
        </test-method> <!-- beforeMethod -->
        <test-method status="PASS" signature="test1()[pri:0, instance:Day1.GoogleTest@55f3ddb1]" name="test1" duration-ms="15459" started-at="2019-03-11T10:05:52Z" finished-at="2019-03-11T10:06:07Z">
          <reporter-output>
          </reporter-output>
        </test-method> <!-- test1 -->
        <test-method status="PASS" signature="afterMethod()[pri:0, instance:Day1.GoogleTest@55f3ddb1]" name="afterMethod" is-config="true" duration-ms="2560" started-at="2019-03-11T10:06:07Z" finished-at="2019-03-11T10:06:10Z">
          <reporter-output>
          </reporter-output>
        </test-method> <!-- afterMethod -->
      </class> <!-- Day1.GoogleTest -->
    </test> <!-- Default test -->
  </suite> <!-- Default suite -->
</testng-results>
